[handleMsg]:  {
  key: {
    remoteJid: '554298204000@s.whatsapp.net',
    fromMe: false,
    id: '3A9B0C99F4216A3B2D3B',
    participant: undefined
  },
  messageTimestamp: 1715337006,
  pushName: 'Nicollas Moleta Borges',
  broadcast: false,
  message: Message {
    extendedTextMessage: ExtendedTextMessage {
      text: '"Olá! Quero comprar o Show de Prêmios"',
      contextInfo: [ContextInfo]
    },
    messageContextInfo: MessageContextInfo {
      deviceListMetadata: [DeviceListMetadata],
      deviceListMetadataVersion: 2
    }
  },
  body: '"Olá! Quero comprar o Show de Prêmios"',
  from: '554298204000'
}
[handleMsg]:  {
  key: {
    remoteJid: '554298204000@s.whatsapp.net',
    fromMe: false,
    id: '3A4317964FDA3BC6A375',
    participant: undefined
  },
  messageTimestamp: 1715337011,
  pushName: 'Nicollas Moleta Borges',
  broadcast: false,
  message: Message {
    conversation: 'Iniciar',
    messageContextInfo: MessageContextInfo {
      deviceListMetadata: [DeviceListMetadata],
      deviceListMetadataVersion: 2
    }
  },
  body: 'Iniciar',
  from: '554298204000'
}
[QUEUE_SE_ENVIO]:  {
  ref: 'ans_eeb357de-8dbd-4b21-ae2f-0f8394db04bd',
  keyword: 'key_81c40476-fc4b-4095-a4c1-23781b4246a9',
  answer: 'Para adquirir suas cartelas *siga estes passos*:\n' +
    ' - Cada cartela custa R$10,00\n' +
    ' - Faça o PIX do valor das cartelas que deseja adquirir para a chave 07.291.547/0001-32\n' +
    ' - Envie seu comprovante aqui',
  options: {
    media: null,
    buttons: [],
    capture: false,
    child: null,
    delay: 0,
    idle: null,
    ref: null,
    nested: [],
    keyword: {},
    callback: false
  },
  refSerialize: '4c6f0d1640a3a78c171796d0c89a0099'
}
[QUEUE_SE_ENVIO]:  {
  ref: 'ans_37bf634f-79d8-43e0-b231-8f2958d73810',
  keyword: 'ans_eeb357de-8dbd-4b21-ae2f-0f8394db04bd',
  answer: 'Após receber o comprovante, vamos enviar uma foto das suas cartelas.\n' +
    '\n' +
    '*Qualquer dúvida pode me perguntar!*',
  options: {
    media: null,
    buttons: [],
    capture: false,
    child: null,
    delay: 2200,
    idle: null,
    ref: null,
    nested: [],
    keyword: {},
    callback: false
  },
  refSerialize: '660f41cfa172b1d07731db709c106f2e'
}
[handleMsg]:  {
  key: {
    remoteJid: '554298204000@s.whatsapp.net',
    fromMe: false,
    id: '3ABA28E2540B4BB55810',
    participant: undefined
  },
  messageTimestamp: 1715337022,
  pushName: 'Nicollas Moleta Borges',
  broadcast: false,
  message: Message {
    conversation: 'Teste',
    messageContextInfo: MessageContextInfo {
      deviceListMetadata: [DeviceListMetadata],
      deviceListMetadataVersion: 2
    }
  },
  body: 'Teste',
  from: '554298204000'
}
[handleMsg]:  {
  key: {
    remoteJid: '554298204000@s.whatsapp.net',
    fromMe: false,
    id: '3A1D4D7B6490956246F0',
    participant: undefined
  },
  messageTimestamp: 1715337027,
  pushName: 'Nicollas Moleta Borges',
  broadcast: false,
  message: Message {
    conversation: 'Teste',
    messageContextInfo: MessageContextInfo {
      deviceListMetadata: [DeviceListMetadata],
      deviceListMetadataVersion: 2
    }
  },
  body: 'Teste',
  from: '554298204000'
}
